<?xml version="1.0" encoding="UTF-8"?>
<!-- Generated by org.testng.reporters.JUnitReportReporter -->
<testsuite hostname="DESKTOP-CS660UK" failures="0" tests="4" name="day42.OragneHRMTest" time="11.500" errors="0" timestamp="2024-07-08T23:56:17 CEST" skipped="0">
  <testcase classname="day42.OragneHRMTest" name="appopen" time="7.228"/>
  <system-out/>
  <testcase classname="day42.OragneHRMTest" name="logocheck" time="3.051"/>
  <system-out/>
  <testcase classname="day42.OragneHRMTest" name="login" time="1.065"/>
  <system-out/>
  <testcase classname="day42.OragneHRMTest" name="loguot" time="0.156"/>
  <system-out/>
</testsuite> <!-- day42.OragneHRMTest -->
