<?xml version="1.0" encoding="UTF-8"?>
<!-- Generated by org.testng.reporters.JUnitReportReporter -->
<testsuite hostname="DESKTOP-CS660UK" failures="0" tests="1" name="day43.HardAssertions" time="0.013" errors="0" timestamp="2024-07-10T01:05:39 CEST" skipped="0">
  <testcase classname="day43.HardAssertions" name="test" time="0.013"/>
  <system-out/>
</testsuite> <!-- day43.HardAssertions -->
