<?xml version="1.0" encoding="UTF-8"?>
<!-- Generated by org.testng.reporters.JUnitReportReporter -->
<testsuite hostname="DESKTOP-CS660UK" failures="0" tests="1" name="AssertionsDemo" time="0.013" errors="0" timestamp="2024-07-10T01:01:49 CEST" skipped="0">
  <testcase classname="AssertionsDemo" name="testTile" time="0.013"/>
  <system-out/>
</testsuite> <!-- AssertionsDemo -->
